{
  "RSpec": {
    "coverage": {
      "/Users/quan/projects/RoR/qtick/app/helpers/application_helper.rb": [
        1,
        null
      ],
      "/Users/quan/projects/RoR/qtick/app/helpers/events_helper.rb": [
        1,
        1,
        0,
        null,
        null
      ],
      "/Users/quan/projects/RoR/qtick/app/helpers/tickets_helper.rb": [
        1,
        null
      ],
      "/Users/quan/projects/RoR/qtick/app/models/event.rb": [
        1,
        1,
        1,
        1,
        null,
        1,
        1,
        null,
        1,
        4,
        null,
        null
      ],
      "/Users/quan/projects/RoR/qtick/app/models/venue.rb": [
        1,
        1,
        1,
        null
      ],
      "/Users/quan/projects/RoR/qtick/app/models/category.rb": [
        1,
        1,
        1,
        null
      ]
    },
    "timestamp": 1488617638
  }
}
